<?xml version="1.0" encoding="UTF-8"?>
<testng-results skipped="0" failed="0" total="1" passed="1">
  <reporter-output>
  </reporter-output>
  <suite name="All Test Suite" duration-ms="6082" started-at="2021-05-18T07:00:12Z" finished-at="2021-05-18T07:00:18Z">
    <groups>
    </groups>
    <test name="百度" duration-ms="6082" started-at="2021-05-18T07:00:12Z" finished-at="2021-05-18T07:00:18Z">
      <class name="com.xia.test_baidu">
        <test-method status="PASS" signature="setup()[pri:0, instance:com.xia.test_baidu@68c4039c]" name="setup" is-config="true" duration-ms="6066" started-at="2021-05-18T15:00:12Z" finished-at="2021-05-18T15:00:18Z">
          <reporter-output>
          </reporter-output>
        </test-method> <!-- setup -->
        <test-method status="PASS" signature="test1()[pri:0, instance:com.xia.test_baidu@68c4039c]" name="test1" duration-ms="3" started-at="2021-05-18T15:00:18Z" finished-at="2021-05-18T15:00:18Z">
          <reporter-output>
          </reporter-output>
        </test-method> <!-- test1 -->
        <test-method status="PASS" signature="tearup()[pri:0, instance:com.xia.test_baidu@68c4039c]" name="tearup" is-config="true" duration-ms="0" started-at="2021-05-18T15:00:18Z" finished-at="2021-05-18T15:00:18Z">
          <reporter-output>
          </reporter-output>
        </test-method> <!-- tearup -->
      </class> <!-- com.xia.test_baidu -->
    </test> <!-- 百度 -->
  </suite> <!-- All Test Suite -->
</testng-results>
